<component name="libraryTable">
  <library name="junit-platform-console-standalone-6.0.0-RC2">
    <CLASSES>
      <root url="jar://$PROJECT_DIR$/Lista10/lib/junit-platform-console-standalone-6.0.0-RC2.jar!/" />
    </CLASSES>
    <JAVADOC />
    <SOURCES />
  </library>
</component>